Start testing: Aug 15 02:08 PDT
----------------------------------------------------------
1/1 Testing: test_binMat
1/1 Test: test_binMat
Command: "/home/ryanhou28/bincv/bincv-cpp/build-noocv/tests/test_binMat"
Directory: /home/ryanhou28/bincv/bincv-cpp/build-noocv/tests
"test_binMat" start time: Aug 15 02:08 PDT
Output:
----------------------------------------------------------
=== BinMat core tests (no OpenCV) ===

--- BinMat<uint8_t> (8 bits/word) ---

--- BinMat<uint16_t> (16 bits/word) ---

--- BinMat<uint32_t> (32 bits/word) ---

--- BinMat<uint64_t> (64 bits/word) ---

--- Row alignment ---

--- Type aliases ---

BinMat core tests: 261/261 checks passed
BinMat core tests: OK
<end of output>
Test time =   0.00 sec
----------------------------------------------------------
Test Passed.
"test_binMat" end time: Aug 15 02:08 PDT
"test_binMat" time elapsed: 00:00:00
----------------------------------------------------------

End testing: Aug 15 02:08 PDT
